{"contracts/SimpleStorage.sol":{"l":{"16":1,"20":2},"path":"/Users/hermione/workspace/javascript/web3/hh-fcc/hardhat-simple-storage-fcc/contracts/SimpleStorage.sol","s":{"1":1,"2":2},"b":{},"f":{"1":1,"2":2},"fnMap":{"1":{"name":"store","line":15,"loc":{"start":{"line":15,"column":4},"end":{"line":17,"column":4}}},"2":{"name":"retrive","line":19,"loc":{"start":{"line":19,"column":4},"end":{"line":21,"column":4}}}},"statementMap":{"1":{"start":{"line":16,"column":8},"end":{"line":16,"column":39}},"2":{"start":{"line":20,"column":8},"end":{"line":20,"column":29}}},"branchMap":{}}}